Project(name='argouml', version='v0.22', level='method', ref='refs/tags/VERSION_0_22', alpha=None, eta=None, passes=5, iterations=1000, num_topics=500, src_url='http://argouml-downloads.tigris.org/nonav/argouml-0.22/ArgoUML-0.22-src.zip', data_path='data/argouml/', full_path='data/argouml/v0.22/', src_path='data/argouml/v0.22/src')
temporal_lda changeset mrr: 0.0727413871929
temporal_lda release mrr: 0.049208996206
temporal_lda ranksums: (-1.3222329892244213, 0.18609057904822612)
temporal_lda mann-whitney: (3506.0, 0.093280369432814314)
temporal_lda wilcoxon signedrank: (1384.5, 0.017020784382450454)
temporal_lsi changeset mrr: 0.037277203539
temporal_lsi release mrr: 0.0734868015693
temporal_lsi ranksums: (0.40001548078846633, 0.6891451145903742)
temporal_lsi mann-whitney: (3823.0, 0.34510464595783913)
temporal_lsi wilcoxon signedrank: (1919.0, 0.73263196625615357)
basic_lda changeset mrr: 0.0472169085
basic_lda release mrr: 0.0481299715509
basic_lda ranksums: (-0.91736313973899097, 0.35895238130386831)
basic_lda mann-whitney: (3814.5, 0.17984076550272926)
basic_lda wilcoxon signedrank: (1519.0, 0.03345930956942815)
basic_lsi changeset mrr: 0.0672431351247
basic_lsi release mrr: 0.0718874266824
basic_lsi ranksums: (0.15054885882219637, 0.88033160618417838)
basic_lsi mann-whitney: (4087.0, 0.44071844654905473)
basic_lsi wilcoxon signedrank: (1507.0, 0.084939263479790694)
Project(name='argouml', version='v0.22', level='class', ref='refs/tags/VERSION_0_22', alpha=None, eta=None, passes=5, iterations=1000, num_topics=500, src_url='http://argouml-downloads.tigris.org/nonav/argouml-0.22/ArgoUML-0.22-src.zip', data_path='data/argouml/', full_path='data/argouml/v0.22/', src_path='data/argouml/v0.22/src')
temporal_lda changeset mrr: 0.111939716978
temporal_lda release mrr: 0.075752481829
temporal_lda ranksums: (-2.7028444653966281, 0.0068748907790780198)
temporal_lda mann-whitney: (3180.0, 0.0034488839306183556)
temporal_lda wilcoxon signedrank: (1252.5, 0.0021504258674900031)
temporal_lsi changeset mrr: 0.056539809714
temporal_lsi release mrr: 0.190105343231
temporal_lsi ranksums: (3.8481413913897859, 0.00011901735873071473)
temporal_lsi mann-whitney: (2773.0, 5.9587181135336979e-05)
temporal_lsi wilcoxon signedrank: (769.0, 7.5247816743309948e-07)
basic_lda changeset mrr: 0.129821095668
basic_lda release mrr: 0.075752481829
basic_lda ranksums: (-2.1724059628174879, 0.02982505565341028)
basic_lda mann-whitney: (3368.5, 0.014951335518634071)
basic_lda wilcoxon signedrank: (1215.0, 0.0012730915302218641)
basic_lsi changeset mrr: 0.180694013161
basic_lsi release mrr: 0.190105343231
basic_lsi ranksums: (0.21245680076777246, 0.83175067643374745)
basic_lsi mann-whitney: (4065.0, 0.41634862247755389)
basic_lsi wilcoxon signedrank: (725.0, 0.0060858057135272257)
Project(name='argouml', version='v0.24', level='method', ref='refs/tags/VERSION_0_24', alpha=None, eta=None, passes=5, iterations=1000, num_topics=500, src_url='http://argouml-downloads.tigris.org/nonav/argouml-0.24/ArgoUML-0.24-src.zip', data_path='data/argouml/', full_path='data/argouml/v0.24/', src_path='data/argouml/v0.24/src')
temporal_lda changeset mrr: 0.0331523866719
temporal_lda release mrr: 0.0391112603828
temporal_lda ranksums: (-1.7813251215047197, 0.074859352827840925)
temporal_lda mann-whitney: (1078.0, 0.037693081814284823)
temporal_lda wilcoxon signedrank: (401.5, 0.0088381476385139233)
temporal_lsi changeset mrr: 0.0481719022201
temporal_lsi release mrr: 0.0808207667584
temporal_lsi ranksums: (-0.28605220929272873, 0.77483813418314829)
temporal_lsi mann-whitney: (1308.0, 0.38866012060566801)
temporal_lsi wilcoxon signedrank: (580.0, 0.4365678209899414)
basic_lda changeset mrr: 0.0774856389321
basic_lda release mrr: 0.0398781478413
basic_lda ranksums: (-1.7869528600582276, 0.073945107888528136)
basic_lda mann-whitney: (1033.5, 0.037237664012772981)
basic_lda wilcoxon signedrank: (457.0, 0.053489881816661276)
basic_lsi changeset mrr: 0.0714661158471
basic_lsi release mrr: 0.0824054876753
basic_lsi ranksums: (-2.1918616541912717, 0.02838949763278676)
basic_lsi mann-whitney: (973.0, 0.014308166217520756)
basic_lsi wilcoxon signedrank: (292.0, 0.0023974155871801586)
Project(name='argouml', version='v0.24', level='class', ref='refs/tags/VERSION_0_24', alpha=None, eta=None, passes=5, iterations=1000, num_topics=500, src_url='http://argouml-downloads.tigris.org/nonav/argouml-0.24/ArgoUML-0.24-src.zip', data_path='data/argouml/', full_path='data/argouml/v0.24/', src_path='data/argouml/v0.24/src')
temporal_lda changeset mrr: 0.162652101175
temporal_lda release mrr: 0.238172156118
temporal_lda ranksums: (0.58835738502254431, 0.55629243526346661)
temporal_lda mann-whitney: (1261.5, 0.27886504494643216)
temporal_lda wilcoxon signedrank: (503.0, 0.51857223502661531)
temporal_lsi changeset mrr: 0.100165971457
temporal_lsi release mrr: 0.203381509065
temporal_lsi ranksums: (3.8584542321644202, 0.00011410643000245198)
temporal_lsi mann-whitney: (758.5, 5.7322498600784647e-05)
temporal_lsi wilcoxon signedrank: (93.0, 3.8346137687645774e-07)
basic_lda changeset mrr: 0.204296543413
basic_lda release mrr: 0.238172156118
basic_lda ranksums: (0.16252966437086858, 0.87088877003613474)
basic_lda mann-whitney: (1327.0, 0.43659962876440667)
basic_lda wilcoxon signedrank: (626.5, 0.91542883797499597)
basic_lsi changeset mrr: 0.158223701657
basic_lsi release mrr: 0.203381509065
basic_lsi ranksums: (0.39332178777750199, 0.69408182802375706)
basic_lsi mann-whitney: (1291.5, 0.3481248799276892)
basic_lsi wilcoxon signedrank: (434.0, 0.34549689457800459)
Project(name='argouml', version='v0.26.2', level='method', ref='refs/tags/VERSION_0_26_2', alpha=None, eta=None, passes=5, iterations=1000, num_topics=500, src_url='http://argouml-downloads.tigris.org/nonav/argouml-0.26.2/ArgoUML-0.26.2-src.zip', data_path='data/argouml/', full_path='data/argouml/v0.26.2/', src_path='data/argouml/v0.26.2/src')
temporal_lda changeset mrr: 0.0733757338833
temporal_lda release mrr: 0.0778357632513
temporal_lda ranksums: (-1.8293845928770085, 0.067342014051917171)
temporal_lda mann-whitney: (16266.5, 0.033694954331787819)
temporal_lda wilcoxon signedrank: (6261.5, 0.00064908622321667572)
temporal_lsi changeset mrr: 0.0455900169662
temporal_lsi release mrr: 0.0882795996536
temporal_lsi ranksums: (1.8363351422420426, 0.066308105375710594)
temporal_lsi mann-whitney: (16259.0, 0.033179637005387549)
temporal_lsi wilcoxon signedrank: (8288.5, 0.49948736790043269)
basic_lda changeset mrr: 0.0634977799102
basic_lda release mrr: 0.0764807814429
basic_lda ranksums: (-0.32550928304104354, 0.74479565800163317)
basic_lda mann-whitney: (21438.5, 0.3725454272402216)
basic_lda wilcoxon signedrank: (9986.5, 0.75005455137058163)
basic_lsi changeset mrr: 0.0612375364428
basic_lsi release mrr: 0.0876939604144
basic_lsi ranksums: (0.053846684881167652, 0.95705731429070995)
basic_lsi mann-whitney: (21774.0, 0.47868860259386292)
basic_lsi wilcoxon signedrank: (9453.0, 0.99541459537741994)
Project(name='argouml', version='v0.26.2', level='class', ref='refs/tags/VERSION_0_26_2', alpha=None, eta=None, passes=5, iterations=1000, num_topics=500, src_url='http://argouml-downloads.tigris.org/nonav/argouml-0.26.2/ArgoUML-0.26.2-src.zip', data_path='data/argouml/', full_path='data/argouml/v0.26.2/', src_path='data/argouml/v0.26.2/src')
temporal_lda changeset mrr: 0.205163715401
temporal_lda release mrr: 0.196189932659
temporal_lda ranksums: (-2.3196300080907561, 0.020360901085743486)
temporal_lda mann-whitney: (15737.5, 0.01011882879318576)
temporal_lda wilcoxon signedrank: (5413.0, 9.5088659490114139e-05)
temporal_lsi changeset mrr: 0.0496861915228
temporal_lsi release mrr: 0.178310056607
temporal_lsi ranksums: (8.9124577658045538, 4.9913572526710941e-19)
temporal_lsi mann-whitney: (8623.5, 2.474304509648871e-19)
temporal_lsi wilcoxon signedrank: (1401.0, 3.3612832585389205e-23)
basic_lda changeset mrr: 0.143018343644
basic_lda release mrr: 0.189874094664
basic_lda ranksums: (-0.80162733883242066, 0.42276855842609828)
basic_lda mann-whitney: (20850.5, 0.21136506393458321)
basic_lda wilcoxon signedrank: (7540.5, 0.014358268003080257)
basic_lsi changeset mrr: 0.151886580902
basic_lsi release mrr: 0.173783044356
basic_lsi ranksums: (0.63806297272721968, 0.52343268844295898)
basic_lsi mann-whitney: (21052.5, 0.2617557198484376)
basic_lsi wilcoxon signedrank: (4250.0, 4.0731504527360984e-06)
Project(name='jabref', version='v2.6', level='method', ref='55e2db1a27a6551c462a6067f196a82ebb7124a6', alpha=None, eta=None, passes=5, iterations=1000, num_topics=500, src_url='http://sourceforge.net/projects/jabref/files/jabref/2.6/JabRef-2.6-src.zip', data_path='data/jabref/', full_path='data/jabref/v2.6/', src_path='data/jabref/v2.6/src')
temporal_lda changeset mrr: 0.0683585334245
temporal_lda release mrr: 0.1091674926
temporal_lda ranksums: (-0.72443684553548138, 0.46879758624609646)
temporal_lda mann-whitney: (401.0, 0.2366240930832717)
temporal_lda wilcoxon signedrank: (105.5, 0.015440902711604533)
temporal_lsi changeset mrr: 0.0492227231402
temporal_lsi release mrr: 0.104562514951
temporal_lsi ranksums: (-0.17002089231955175, 0.86499370616448745)
temporal_lsi mann-whitney: (438.5, 0.43539917477758089)
temporal_lsi wilcoxon signedrank: (172.0, 0.21335807338945145)
basic_lda changeset mrr: 0.106399984261
basic_lda release mrr: 0.0899772428687
basic_lda ranksums: (-0.2898080657136507, 0.77196307701019262)
basic_lda mann-whitney: (731.5, 0.38787224645394591)
basic_lda wilcoxon signedrank: (365.5, 0.94219343360410313)
basic_lsi changeset mrr: 0.0969157970584
basic_lsi release mrr: 0.0900609790505
basic_lsi ranksums: (0.70453340113146112, 0.48110065685295078)
basic_lsi mann-whitney: (690.0, 0.24207655813723539)
basic_lsi wilcoxon signedrank: (166.0, 0.040757461200655501)
Project(name='jabref', version='v2.6', level='class', ref='55e2db1a27a6551c462a6067f196a82ebb7124a6', alpha=None, eta=None, passes=5, iterations=1000, num_topics=500, src_url='http://sourceforge.net/projects/jabref/files/jabref/2.6/JabRef-2.6-src.zip', data_path='data/jabref/', full_path='data/jabref/v2.6/', src_path='data/jabref/v2.6/src')
temporal_lda changeset mrr: 0.235676945215
temporal_lda release mrr: 0.347672603918
temporal_lda ranksums: (-1.086655268303222, 0.27718918977304785)
temporal_lda mann-whitney: (376.5, 0.13905724034955469)
temporal_lda wilcoxon signedrank: (69.5, 0.0040758486161190551)
temporal_lsi changeset mrr: 0.0994282091247
temporal_lsi release mrr: 0.124348001144
temporal_lsi ranksums: (0.57659259134456686, 0.56421470514578598)
temporal_lsi mann-whitney: (411.0, 0.2844811859962485)
temporal_lsi wilcoxon signedrank: (150.5, 0.35429005444572104)
basic_lda changeset mrr: 0.224122527839
basic_lda release mrr: 0.297281442062
basic_lda ranksums: (-0.73451354586045947, 0.46263580747339295)
basic_lda mann-whitney: (687.0, 0.23199693275614913)
basic_lda wilcoxon signedrank: (162.5, 0.034988800945935102)
basic_lsi changeset mrr: 0.134806305051
basic_lsi release mrr: 0.147847454094
basic_lsi ranksums: (0.12991396049232617, 0.89663449902119574)
basic_lsi mann-whitney: (747.5, 0.45024160152742665)
basic_lsi wilcoxon signedrank: (143.5, 0.039476207772149094)
Project(name='jedit', version='v4.3', level='method', ref='refs/tags/jedit-4-3', alpha=None, eta=None, passes=5, iterations=1000, num_topics=500, src_url='http://sourceforge.net/projects/jedit/files/jedit/4.3/jedit4.3source.tar.bz2', data_path='data/jedit/', full_path='data/jedit/v4.3/', src_path='data/jedit/v4.3/src')
temporal_lda changeset mrr: 0.0716097460205
temporal_lda release mrr: 0.0552168364906
temporal_lda ranksums: (-0.97312107382868307, 0.33049313138468461)
temporal_lda mann-whitney: (10235.5, 0.16539901924964762)
temporal_lda wilcoxon signedrank: (3993.5, 0.014442989531614284)
temporal_lsi changeset mrr: 0.0273379573062
temporal_lsi release mrr: 0.0490678924104
temporal_lsi ranksums: (0.19421676700279369, 0.84600615466450035)
temporal_lsi mann-whitney: (10809.0, 0.42326801764561839)
temporal_lsi wilcoxon signedrank: (5333.0, 0.83758783620371657)
basic_lda changeset mrr: 0.0933663228793
basic_lda release mrr: 0.055228060339
basic_lda ranksums: (0.31780925509548058, 0.75062962986162363)
basic_lda mann-whitney: (10718.0, 0.37556249016073867)
basic_lda wilcoxon signedrank: (4822.5, 0.35357200292756041)
basic_lsi changeset mrr: 0.0236899825906
basic_lsi release mrr: 0.0490714655234
basic_lsi ranksums: (2.0331643370851897, 0.042035922767914062)
basic_lsi mann-whitney: (9455.0, 0.021051112240420462)
basic_lsi wilcoxon signedrank: (3370.5, 6.3335696554521029e-05)
Project(name='jedit', version='v4.3', level='class', ref='refs/tags/jedit-4-3', alpha=None, eta=None, passes=5, iterations=1000, num_topics=500, src_url='http://sourceforge.net/projects/jedit/files/jedit/4.3/jedit4.3source.tar.bz2', data_path='data/jedit/', full_path='data/jedit/v4.3/', src_path='data/jedit/v4.3/src')
temporal_lda changeset mrr: 0.283543425192
temporal_lda release mrr: 0.278411219969
temporal_lda ranksums: (-2.9112142662271907, 0.0036002703298941268)
temporal_lda mann-whitney: (8808.5, 0.0017349201819513631)
temporal_lda wilcoxon signedrank: (2413.0, 4.1051727267333323e-07)
temporal_lsi changeset mrr: 0.0355480734402
temporal_lsi release mrr: 0.201467742827
temporal_lsi ranksums: (8.1998862292263421, 2.4061464166620157e-16)
temporal_lsi mann-whitney: (4914.5, 1.1958389992416037e-16)
temporal_lsi wilcoxon signedrank: (830.5, 8.0207780866904753e-19)
basic_lda changeset mrr: 0.122336661567
basic_lda release mrr: 0.283254097688
basic_lda ranksums: (0.22117430066152804, 0.82495671885612365)
basic_lda mann-whitney: (10936.0, 0.41262529075041243)
basic_lda wilcoxon signedrank: (3467.5, 0.00070764155974513128)
basic_lsi changeset mrr: 0.18427035922
basic_lsi release mrr: 0.201457892204
basic_lsi ranksums: (0.38386178017547878, 0.70108089520935324)
basic_lsi mann-whitney: (10815.0, 0.35067633771440943)
basic_lsi wilcoxon signedrank: (1243.0, 2.8224150808143548e-07)
Project(name='mucommander', version='v0.8.5', level='method', ref='refs/tags/release_0_8_5', alpha=None, eta=None, passes=5, iterations=1000, num_topics=500, src_url='http://trac.mucommander.com/changeset/3794/tags/release_0_8_5?old_path=%2F&format=zip', data_path='data/mucommander/', full_path='data/mucommander/v0.8.5/', src_path='data/mucommander/v0.8.5/src')
temporal_lda changeset mrr: 0.0707551045663
temporal_lda release mrr: 0.0427308427722
temporal_lda ranksums: (-3.0764826977003863, 0.0020945845877610612)
temporal_lda mann-whitney: (2903.0, 0.0010517441930407811)
temporal_lda wilcoxon signedrank: (746.0, 7.6750804589639583e-07)
temporal_lsi changeset mrr: 0.0426474972552
temporal_lsi release mrr: 0.0256472059373
temporal_lsi ranksums: (-0.58911370807028673, 0.55578499831859673)
temporal_lsi mann-whitney: (3758.0, 0.27837783627050527)
temporal_lsi wilcoxon signedrank: (1714.5, 0.23867712322548396)
basic_lda changeset mrr: 0.0222409310803
basic_lda release mrr: 0.0419125187078
basic_lda ranksums: (-0.52621750653739663, 0.59873709179158396)
basic_lda mann-whitney: (3953.5, 0.29985455778782155)
basic_lda wilcoxon signedrank: (1915.5, 0.48234590024138346)
basic_lsi changeset mrr: 0.024242118971
basic_lsi release mrr: 0.0251026791104
basic_lsi ranksums: (1.0468070183524683, 0.29518859277876119)
basic_lsi mann-whitney: (3768.5, 0.1479181024388489)
basic_lsi wilcoxon signedrank: (1341.5, 0.0029357486804407152)
Project(name='mucommander', version='v0.8.5', level='class', ref='refs/tags/release_0_8_5', alpha=None, eta=None, passes=5, iterations=1000, num_topics=500, src_url='http://trac.mucommander.com/changeset/3794/tags/release_0_8_5?old_path=%2F&format=zip', data_path='data/mucommander/', full_path='data/mucommander/v0.8.5/', src_path='data/mucommander/v0.8.5/src')
temporal_lda changeset mrr: 0.282706355694
temporal_lda release mrr: 0.227970072653
temporal_lda ranksums: (-4.0282372225041891, 5.6196625622842156e-05)
temporal_lda mann-whitney: (2709.0, 2.6882499805581313e-05)
temporal_lda wilcoxon signedrank: (578.5, 7.4061302660439398e-08)
temporal_lsi changeset mrr: 0.117789137467
temporal_lsi release mrr: 0.21904062113
temporal_lsi ranksums: (2.977209208109977, 0.0029088544194173544)
temporal_lsi mann-whitney: (3082.5, 0.0014534102541183765)
temporal_lsi wilcoxon signedrank: (941.0, 0.00016627625838130813)
basic_lda changeset mrr: 0.214334503642
basic_lda release mrr: 0.225510654228
basic_lda ranksums: (-1.6596102900444543, 0.096992876914155118)
basic_lda mann-whitney: (3632.5, 0.048311971263726473)
basic_lda wilcoxon signedrank: (981.0, 0.0001279480363894354)
basic_lsi changeset mrr: 0.210984412692
basic_lsi release mrr: 0.216699127296
basic_lsi ranksums: (0.42909023345603076, 0.66785755949267911)
basic_lsi mann-whitney: (4077.0, 0.33420502236788807)
basic_lsi wilcoxon signedrank: (583.0, 0.0034735100478018926)
Project(name='bookkeeper', version='v4.1.0', level='class', ref='refs/tags/release-4.1.0', alpha=None, eta=None, passes=5, iterations=1000, num_topics=500, src_url='http://archive.apache.org/dist/zookeeper/bookkeeper/bookkeeper-4.1.0/bookkeeper-4.1.0-src.tar.gz', data_path='data/bookkeeper/', full_path='data/bookkeeper/v4.1.0/', src_path='data/bookkeeper/v4.1.0/src')
temporal_lda changeset mrr: 0.00655276333737
temporal_lda release mrr: 0.0946397703362
temporal_lda ranksums: (-1.0392304845413263, 0.29869755599497017)
temporal_lda mann-whitney: (54.0, 0.15616071083810806)
temporal_lda wilcoxon signedrank: (16.0, 0.071189234292089648)
temporal_lsi changeset mrr: 0.027402562051
temporal_lsi release mrr: 0.097071136974
temporal_lsi ranksums: (1.0392304845413263, 0.29869755599497017)
temporal_lsi mann-whitney: (54.0, 0.15610810281867427)
temporal_lsi wilcoxon signedrank: (20.0, 0.13609738111439368)
basic_lda changeset mrr: 0.0183373462105
basic_lda release mrr: 0.0614680733954
basic_lda ranksums: (-0.84444074320012008, 0.39842316305553649)
basic_lda mann-whitney: (676.0, 0.20059966499535214)
basic_lda wilcoxon signedrank: (299.0, 0.20411853941356273)
basic_lsi changeset mrr: 0.0679279605263
basic_lsi release mrr: 0.0661334437897
basic_lsi ranksums: (0.46469224329947439, 0.64215186389974999)
basic_lsi mann-whitney: (714.0, 0.32284964269789718)
basic_lsi wilcoxon signedrank: (184.5, 0.011746803271326588)
Project(name='derby', version='v10.7.1.1', level='class', ref='refs/tags/10.7.1.1', alpha=None, eta=None, passes=5, iterations=1000, num_topics=500, src_url='http://archive.apache.org/dist/db/derby/db-derby-10.7.1.1/db-derby-10.7.1.1-src.tar.gz', data_path='data/derby/', full_path='data/derby/v10.7.1.1/', src_path='data/derby/v10.7.1.1/src')
temporal_lda changeset mrr: 0.00792407589542
temporal_lda release mrr: 0.025645289911
temporal_lda ranksums: (-0.57735026918962584, 0.5637028616507731)
temporal_lda mann-whitney: (6.0, 0.33250277105101456)
temporal_lda wilcoxon signedrank: (1.0, 0.14412703481601533)
temporal_lsi changeset mrr: 0.00523742844829
temporal_lsi release mrr: 0.00400101271834
temporal_lsi ranksums: (0.0, 1.0)
temporal_lsi mann-whitney: (8.0, 0.44261695723660077)
temporal_lsi wilcoxon signedrank: (5.0, 1.0)
basic_lda changeset mrr: 0.0120379802808
basic_lda release mrr: 0.00984457087076
basic_lda ranksums: (-2.1214903143418198, 0.033880562168110744)
basic_lda mann-whitney: (354.0, 0.017223458136606393)
basic_lda wilcoxon signedrank: (134.0, 0.015062943253856523)
basic_lsi changeset mrr: 0.00269083896797
basic_lsi release mrr: 0.00279259023406
basic_lsi ranksums: (0.18126657749123146, 0.85615833872028801)
basic_lsi mann-whitney: (498.5, 0.43071465572109319)
basic_lsi wilcoxon signedrank: (172.5, 0.087027665561326073)
Project(name='derby', version='v10.9.1.0', level='class', ref='refs/tags/10.9.1.0', alpha=None, eta=None, passes=5, iterations=1000, num_topics=500, src_url='http://archive.apache.org/dist/db/derby/db-derby-10.9.1.0/db-derby-10.9.1.0-src.tar.gz', data_path='data/derby/', full_path='data/derby/v10.9.1.0/', src_path='data/derby/v10.9.1.0/src')
temporal_lda changeset mrr: 0.0075143176431
temporal_lda release mrr: 0.00107163711107
temporal_lda ranksums: (-2.2516660498395402, 0.024343383653741054)
temporal_lda mann-whitney: (33.0, 0.01311469391742851)
temporal_lda wilcoxon signedrank: (4.0, 0.0060395590486568224)
temporal_lsi changeset mrr: 0.0025996943809
temporal_lsi release mrr: 0.0044725404544
temporal_lsi ranksums: (-0.57735026918962573, 0.5637028616507731)
temporal_lsi mann-whitney: (62.0, 0.29168023335135163)
temporal_lsi wilcoxon signedrank: (27.0, 0.34652171170610724)
basic_lda changeset mrr: 0.0055193834672
basic_lda release mrr: 0.00626374868844
basic_lda ranksums: (-3.0962315239257014, 0.0019599726079111181)
basic_lda mann-whitney: (3339.0, 0.00098431508289338848)
basic_lda wilcoxon signedrank: (1189.0, 5.1294494194335005e-05)
basic_lsi changeset mrr: 0.0055217682583
basic_lsi release mrr: 0.00606756595451
basic_lsi ranksums: (0.046173030821218389, 0.96317233782852907)
basic_lsi mann-whitney: (4495.0, 0.48211182663311591)
basic_lsi wilcoxon signedrank: (2112.5, 0.77969140820062233)
Project(name='hibernate', version='v3.5.0b2', level='class', ref='5ecfeb5cb8bc127d3ea99118f68c3b47a130bbc2', alpha=None, eta=None, passes=5, iterations=1000, num_topics=500, src_url='http://sourceforge.net/projects/hibernate/files/hibernate3/3.5.0-Beta-2/hibernate-distribution-3.5.0-Beta-2-dist.tar.gz', data_path='data/hibernate/', full_path='data/hibernate/v3.5.0b2/', src_path='data/hibernate/v3.5.0b2/src')
basic_lda changeset mrr: 0.00143320849612
basic_lda release mrr: 0.00105550440159
basic_lda ranksums: (-0.48995593493886591, 0.62416508069887922)
basic_lda mann-whitney: (115.0, 0.31878056521288511)
basic_lda wilcoxon signedrank: (48.0, 0.30105418162259878)
basic_lsi changeset mrr: 0.00167583458855
basic_lsi release mrr: 0.00178853528656
basic_lsi ranksums: (-0.52764485301108632, 0.59774585570303973)
basic_lsi mann-whitney: (114.0, 0.30544607161371162)
basic_lsi wilcoxon signedrank: (50.0, 0.35197884167136195)
Project(name='lucene', version='v4.0', level='class', ref='refs/tags/lucene_solr_4_0_0', alpha=None, eta=None, passes=5, iterations=1000, num_topics=500, src_url='http://archive.apache.org/dist/lucene/java/4.0.0/lucene-4.0.0-src.tgz', data_path='data/lucene/', full_path='data/lucene/v4.0/', src_path='data/lucene/v4.0/src')
basic_lda changeset mrr: 0.00130909783836
basic_lda release mrr: 0.00156856742298
basic_lda ranksums: (0.47450523248669341, 0.63513966755508644)
basic_lda mann-whitney: (507.5, 0.31985729572175725)
basic_lda wilcoxon signedrank: (212.5, 0.22435212225496015)
basic_lsi changeset mrr: 0.00562860216737
basic_lsi release mrr: 0.00492689889476
basic_lsi ranksums: (0.019236698614325407, 0.98465228175263941)
basic_lsi mann-whitney: (543.0, 0.49488391862968062)
basic_lsi wilcoxon signedrank: (249.0, 0.57347729288121529)
Project(name='mahout', version='v0.8', level='class', ref='refs/tags/mahout-0.8', alpha=None, eta=None, passes=5, iterations=1000, num_topics=500, src_url='http://archive.apache.org/dist/mahout/0.8/mahout-distribution-0.8-src.tar.gz', data_path='data/mahout/', full_path='data/mahout/v0.8/', src_path='data/mahout/v0.8/src')
Project(name='mahout', version='v0.8', level='class', ref='refs/tags/mahout-0.8', alpha=None, eta=None, passes=5, iterations=1000, num_topics=500, src_url='http://archive.apache.org/dist/mahout/0.8/mahout-distribution-0.8-src.tar.gz', data_path='data/mahout/', full_path='data/mahout/v0.8/', src_path='data/mahout/v0.8/src')
Project(name='mahout', version='v0.8', level='class', ref='refs/tags/mahout-0.8', alpha=None, eta=None, passes=5, iterations=1000, num_topics=500, src_url='http://archive.apache.org/dist/mahout/0.8/mahout-distribution-0.8-src.tar.gz', data_path='data/mahout/', full_path='data/mahout/v0.8/', src_path='data/mahout/v0.8/src')
temporal_lda changeset mrr: 0.00193515704154
temporal_lda release mrr: 0.0055677397457
temporal_lda ranksums: (0.7745966692414834, 0.43857802608099983)
temporal_lda mann-whitney: (1.0, 0.34926767915166934)
temporal_lda wilcoxon signedrank: (1.0, 0.65472084601857694)
temporal_lsi changeset mrr: 0.00290667367271
temporal_lsi release mrr: 0.0126079277865
temporal_lsi ranksums: (0.7745966692414834, 0.43857802608099983)
temporal_lsi mann-whitney: (1.0, 0.34926767915166934)
temporal_lsi wilcoxon signedrank: (1.0, 0.65472084601857694)
basic_lda changeset mrr: 0.00879993602907
basic_lda release mrr: 0.00321075276441
basic_lda ranksums: (-1.1274690420042432, 0.25954422240387454)
basic_lda mann-whitney: (348.0, 0.13141855002476172)
basic_lda wilcoxon signedrank: (164.0, 0.24733722014186277)
basic_lsi changeset mrr: 0.00501454844928
basic_lsi release mrr: 0.00476752647145
basic_lsi ranksums: (0.14773732274538359, 0.88255007553194798)
basic_lsi mann-whitney: (411.0, 0.44434173393757825)
basic_lsi wilcoxon signedrank: (180.5, 0.60834305291759261)
Project(name='openjpa', version='v2.0.1', level='class', ref='refs/tags/2.0.1', alpha=None, eta=None, passes=5, iterations=1000, num_topics=500, src_url='http://archive.apache.org/dist/openjpa/2.0.1/apache-openjpa-2.0.1-source.zip', data_path='data/openjpa/', full_path='data/openjpa/v2.0.1/', src_path='data/openjpa/v2.0.1/src')
temporal_lda changeset mrr: 0.0055541483631
temporal_lda release mrr: 0.00100634001196
temporal_lda ranksums: (-3.4063665882187917, 0.00065833716955723235)
temporal_lda mann-whitney: (13.0, 0.00036574099590711278)
temporal_lda wilcoxon signedrank: (1.0, 0.0028734139278525227)
temporal_lsi changeset mrr: 0.00310862857555
temporal_lsi release mrr: 0.00162721049403
temporal_lsi ranksums: (-1.3279056191361391, 0.18420928818665294)
temporal_lsi mann-whitney: (49.0, 0.096916964277432016)
temporal_lsi wilcoxon signedrank: (6.0, 0.0096329757725886738)
basic_lda changeset mrr: 0.0017019537623
basic_lda release mrr: 0.00113672721922
basic_lda ranksums: (-2.8517412510746989, 0.0043480477870626128)
basic_lda mann-whitney: (345.5, 0.0022159550050413566)
basic_lda wilcoxon signedrank: (122.0, 0.0026959127356323788)
basic_lsi changeset mrr: 0.00163844759227
basic_lsi release mrr: 0.0016087189797
basic_lsi ranksums: (-0.20851441405707477, 0.83482732918523916)
basic_lsi mann-whitney: (561.0, 0.41980843650997318)
basic_lsi wilcoxon signedrank: (265.0, 0.57841061773231539)
Project(name='openjpa', version='v2.2.0', level='class', ref='refs/tags/2.2.0', alpha=None, eta=None, passes=5, iterations=1000, num_topics=500, src_url='http://archive.apache.org/dist/openjpa/2.2.0/apache-openjpa-2.2.0-source.zip', data_path='data/openjpa/', full_path='data/openjpa/v2.2.0/', src_path='data/openjpa/v2.2.0/src')
temporal_lda changeset mrr: 0.0259574666012
temporal_lda release mrr: 0.00316880276034
temporal_lda ranksums: (-1.3578057164544433, 0.17452534056858338)
temporal_lda mann-whitney: (6.0, 0.10503752039332925)
temporal_lda wilcoxon signedrank: (2.0, 0.13801073756865956)
temporal_lsi changeset mrr: 0.00368951463606
temporal_lsi release mrr: 0.00141088611275
temporal_lsi ranksums: (-1.775592090748118, 0.075800174582361254)
temporal_lsi mann-whitney: (4.0, 0.047346471299737944)
temporal_lsi wilcoxon signedrank: (0.0, 0.043114446783075355)
basic_lda changeset mrr: 0.0029834625026
basic_lda release mrr: 0.00813766091057
basic_lda ranksums: (-1.8666773916465815, 0.061946652782507348)
basic_lda mann-whitney: (103.0, 0.032094985588640323)
basic_lda wilcoxon signedrank: (33.0, 0.022231238286019243)
basic_lsi changeset mrr: 0.00736080572588
basic_lsi release mrr: 0.00739421754313
basic_lsi ranksums: (0.17401229922129149, 0.86185579631801501)
basic_lsi mann-whitney: (156.5, 0.43714834901536942)
basic_lsi wilcoxon signedrank: (59.0, 0.40736876013625467)
Project(name='pig', version='v0.8.0', level='class', ref='refs/tags/release-0.8.0', alpha=None, eta=None, passes=5, iterations=1000, num_topics=500, src_url='http://archive.apache.org/dist/pig/pig-0.8.0/pig-0.8.0.tar.gz', data_path='data/pig/', full_path='data/pig/v0.8.0/', src_path='data/pig/v0.8.0/src')
basic_lda changeset mrr: 0.0123958724333
basic_lda release mrr: 0.00764636028558
basic_lda ranksums: (-0.62954243794620901, 0.52899399464712393)
basic_lda mann-whitney: (3410.5, 0.26500502148229405)
basic_lda wilcoxon signedrank: (1560.5, 0.31671746077047114)
basic_lsi changeset mrr: 0.00953610962378
basic_lsi release mrr: 0.0133179273814
basic_lsi ranksums: (0.26490647141300877, 0.79108151292078166)
basic_lsi mann-whitney: (3527.5, 0.39613980545812316)
basic_lsi wilcoxon signedrank: (1258.5, 0.027800576668903908)
Project(name='pig', version='v0.11.1', level='class', ref='refs/tags/release-0.11.1', alpha=None, eta=None, passes=5, iterations=1000, num_topics=500, src_url='http://archive.apache.org/dist/pig/pig-0.11.1/pig-0.11.1-src.tar.gz', data_path='data/pig/', full_path='data/pig/v0.11.1/', src_path='data/pig/v0.11.1/src')
basic_lda changeset mrr: 0.00771142144095
basic_lda release mrr: 0.0083020818175
basic_lda ranksums: (-0.56789130733053206, 0.5701087748114757)
basic_lda mann-whitney: (1074.5, 0.2862970558146325)
basic_lda wilcoxon signedrank: (514.0, 0.44786192517150869)
basic_lsi changeset mrr: 0.00792863967082
basic_lsi release mrr: 0.00793120532078
basic_lsi ranksums: (0.054957223290051489, 0.95617254312693167)
basic_lsi mann-whitney: (1144.5, 0.47954537512033185)
basic_lsi wilcoxon signedrank: (482.0, 0.5226796892008323)
Project(name='solr', version='v4.4.0', level='class', ref='refs/tags/lucene_solr_4_4_0', alpha=None, eta=None, passes=5, iterations=1000, num_topics=500, src_url='http://archive.apache.org/dist/lucene/solr/4.4.0/solr-4.4.0-src.tgz', data_path='data/solr/', full_path='data/solr/v4.4.0/', src_path='data/solr/v4.4.0/src')
temporal_lda changeset mrr: 0.00308741406385
temporal_lda release mrr: 0.0018302911769
temporal_lda ranksums: (-1.9746564999216767, 0.048307142590648805)
temporal_lda mann-whitney: (127.0, 0.024931845105270245)
temporal_lda wilcoxon signedrank: (36.0, 0.0099963884759794418)
temporal_lsi changeset mrr: 0.00763606290244
temporal_lsi release mrr: 0.00370791771258
temporal_lsi ranksums: (-1.0008532944808497, 0.31689773947703426)
temporal_lsi mann-whitney: (163.0, 0.16172952478077895)
temporal_lsi wilcoxon signedrank: (51.0, 0.043803723536573913)
basic_lda changeset mrr: 0.00270760552678
basic_lda release mrr: 0.00205469989461
basic_lda ranksums: (0.25407116219918857, 0.79944058173390764)
basic_lda mann-whitney: (1470.0, 0.40087510261596376)
basic_lda wilcoxon signedrank: (720.0, 0.67526918367582223)
basic_lsi changeset mrr: 0.00497292838407
basic_lsi release mrr: 0.00496719854778
basic_lsi ranksums: (-0.30488539463902625, 0.76045343990149539)
basic_lsi mann-whitney: (1461.5, 0.38136321517556621)
basic_lsi wilcoxon signedrank: (426.5, 0.016811657283176275)
Project(name='tika', version='v1.3', level='class', ref='refs/tags/1.3', alpha=None, eta=None, passes=5, iterations=1000, num_topics=500, src_url='http://archive.apache.org/dist/tika/apache-tika-1.3-src.zip', data_path='data/tika/', full_path='data/tika/v1.3/', src_path='data/tika/v1.3/src')
temporal_lda changeset mrr: 0.0527732402732
temporal_lda release mrr: 0.0671050408398
temporal_lda ranksums: (-1.1547005383792517, 0.24821307898992362)
temporal_lda mann-whitney: (4.0, 0.15616071083810801)
temporal_lda wilcoxon signedrank: (1.0, 0.14412703481601533)
temporal_lsi changeset mrr: 0.05625
temporal_lsi release mrr: 0.0111591507835
temporal_lsi ranksums: (-2.3094010767585034, 0.020921335337794014)
temporal_lsi mann-whitney: (0.0, 0.014700524095169821)
temporal_lsi wilcoxon signedrank: (0.0, 0.06788915486182899)
basic_lda changeset mrr: 0.0291799911358
basic_lda release mrr: 0.0246145159068
basic_lda ranksums: (-1.7084843923544983, 0.087546499971429728)
basic_lda mann-whitney: (108.0, 0.045259616671085648)
basic_lda wilcoxon signedrank: (45.0, 0.07776744228559361)
basic_lsi changeset mrr: 0.015973059786
basic_lsi release mrr: 0.0167991277077
basic_lsi ranksums: (0.28474739872574972, 0.77583767421793026)
basic_lsi mann-whitney: (153.0, 0.39395253185942603)
basic_lsi wilcoxon signedrank: (36.5, 0.032432049886727314)
Project(name='zookeeper', version='v3.4.5', level='class', ref='refs/tags/release-3.4.5', alpha=None, eta=None, passes=5, iterations=1000, num_topics=500, src_url='http://archive.apache.org/dist/zookeeper/zookeeper-3.4.5/zookeeper-3.4.5.tar.gz', data_path='data/zookeeper/', full_path='data/zookeeper/v3.4.5/', src_path='data/zookeeper/v3.4.5/src')
temporal_lda changeset mrr: 0.00743779289504
temporal_lda release mrr: 0.0268921282504
temporal_lda ranksums: (-2.980955211416755, 0.002873508158582156)
temporal_lda mann-whitney: (102.0, 0.0014951261957216427)
temporal_lda wilcoxon signedrank: (20.0, 0.00090225463449248536)
temporal_lsi changeset mrr: 0.0194336958131
temporal_lsi release mrr: 0.00913124421479
temporal_lsi ranksums: (-2.7545535497901659, 0.0058772271384831447)
temporal_lsi mann-whitney: (111.0, 0.0030504458187273894)
temporal_lsi wilcoxon signedrank: (31.0, 0.0033138121152864208)
basic_lda changeset mrr: 0.0296702227485
basic_lda release mrr: 0.034106953874
basic_lda ranksums: (-4.6565174847093322, 3.2160297877171408e-06)
basic_lda mann-whitney: (1835.5, 1.6208522476231997e-06)
basic_lda wilcoxon signedrank: (541.5, 2.3058035176319587e-07)
basic_lsi changeset mrr: 0.0139852668073
basic_lsi release mrr: 0.0167849985274
basic_lsi ranksums: (1.1159261396115439, 0.26445375171940544)
basic_lsi mann-whitney: (2873.0, 0.13258824461401103)
basic_lsi wilcoxon signedrank: (421.0, 1.4657410662093698e-08)
